<?xml version="1.0" encoding="UTF-8"?>
<!-- Generated by org.testng.reporters.JUnitReportReporter -->
<testsuite hostname="DESKTOP-JPBOFE2" failures="0" tests="2" name="expleo.challengingDom.OtherLinks.ChallengingDomOtherLinks" time="2.823" errors="0" timestamp="2021-08-04T12:37:00 BST" skipped="0">
  <testcase classname="expleo.challengingDom.OtherLinks.ChallengingDomOtherLinks" name="verify_Canvas" time="0.468"/>
  <system-out/>
  <testcase classname="expleo.challengingDom.OtherLinks.ChallengingDomOtherLinks" name="verify_GitHubLink" time="2.355"/>
  <system-out/>
</testsuite> <!-- expleo.challengingDom.OtherLinks.ChallengingDomOtherLinks -->
