<?xml version="1.0" encoding="UTF-8"?>
<!-- Generated by org.testng.reporters.JUnitReportReporter -->
<testsuite hostname="DESKTOP-JPBOFE2" failures="0" tests="4" name="expleo.challengingDom.Tests.ChallengingDomTests" time="0.508" errors="0" timestamp="2021-08-04T12:37:00 BST" skipped="0">
  <testcase classname="expleo.challengingDom.Tests.ChallengingDomTests" name="test_delete_presents_at_all_table_rows" time="0.231"/>
  <system-out/>
  <testcase classname="expleo.challengingDom.Tests.ChallengingDomTests" name="test_edit_presents_at_all_table_rows" time="0.197"/>
  <system-out/>
  <testcase classname="expleo.challengingDom.Tests.ChallengingDomTests" name="test_table_headers" time="0.059"/>
  <system-out/>
  <testcase classname="expleo.challengingDom.Tests.ChallengingDomTests" name="test_table_size_should_be_10" time="0.021"/>
  <system-out/>
</testsuite> <!-- expleo.challengingDom.Tests.ChallengingDomTests -->
