<?xml version="1.0" encoding="UTF-8"?>
<!-- Generated by org.testng.reporters.JUnitReportReporter -->
<testsuite hostname="DESKTOP-JPBOFE2" failures="0" tests="2" name="expleo.challengingDom.footer.ChallengingDomFooterTest" time="0.185" errors="0" timestamp="2021-08-04T12:37:00 BST" skipped="0">
  <testcase classname="expleo.challengingDom.footer.ChallengingDomFooterTest" name="test_footer_text" time="0.118"/>
  <system-out/>
  <testcase classname="expleo.challengingDom.footer.ChallengingDomFooterTest" name="test_footer_link" time="0.067"/>
  <system-out/>
</testsuite> <!-- expleo.challengingDom.footer.ChallengingDomFooterTest -->
