<?xml version="1.0" encoding="UTF-8"?>
<!-- Generated by org.testng.reporters.JUnitReportReporter -->
<testsuite hostname="DESKTOP-JPBOFE2" failures="0" tests="2" name="CrossBroserTesting.ChallengingDOMCrossBrowser" time="18.755" errors="0" timestamp="2021-08-04T13:09:44 BST" skipped="0">
  <testcase classname="CrossBroserTesting.ChallengingDOMCrossBrowser" name="Gd" time="6.307"/>
  <system-out/>
  <testcase classname="CrossBroserTesting.ChallengingDOMCrossBrowser" name="Gd" time="12.448"/>
  <system-out/>
</testsuite> <!-- CrossBroserTesting.ChallengingDOMCrossBrowser -->
