<?xml version="1.0" encoding="UTF-8"?>
<!-- Generated by org.testng.reporters.JUnitReportReporter -->
<testsuite hostname="DESKTOP-JPBOFE2" failures="0" tests="1" name="expleo.challengingDom.Sample" time="6.168" errors="0" timestamp="2021-08-03T19:32:28 BST" skipped="0">
  <testcase classname="expleo.challengingDom.Sample" name="Sam" time="6.168"/>
  <system-out/>
</testsuite> <!-- expleo.challengingDom.Sample -->
