<?xml version="1.0" encoding="UTF-8"?>
<!-- Generated by org.testng.reporters.JUnitReportReporter -->
<testsuite hostname="DESKTOP-JPBOFE2" failures="0" tests="3" name="expleo.challengingDom.header.ChallengingDomHeaderTest" time="0.089" errors="0" timestamp="2021-08-04T12:37:00 BST" skipped="0">
  <testcase classname="expleo.challengingDom.header.ChallengingDomHeaderTest" name="verify_Pagetitle" time="0.012"/>
  <system-out/>
  <testcase classname="expleo.challengingDom.header.ChallengingDomHeaderTest" name="verify_pageDescription" time="0.034"/>
  <system-out/>
  <testcase classname="expleo.challengingDom.header.ChallengingDomHeaderTest" name="verify_ChallengingDOM" time="0.043"/>
  <system-out/>
</testsuite> <!-- expleo.challengingDom.header.ChallengingDomHeaderTest -->
