<?xml version="1.0" encoding="UTF-8"?>
<!-- Generated by org.testng.reporters.JUnitReportReporter -->
<testsuite skipped="3" hostname="DESKTOP-JPBOFE2" name="expleo.challengingDom.header.ChallengingDomHeaderTest" tests="3" failures="0" timestamp="2021-08-04T00:39:29 BST" time="0.000" errors="0">
  <testcase name="verify_Pagetitle" time="0.000" classname="expleo.challengingDom.header.ChallengingDomHeaderTest">
    <skipped/>
  </testcase> <!-- verify_Pagetitle -->
  <system-out/>
  <testcase name="verify_ChallengingDOM" time="0.000" classname="expleo.challengingDom.header.ChallengingDomHeaderTest">
    <skipped/>
  </testcase> <!-- verify_ChallengingDOM -->
  <system-out/>
  <testcase name="verify_pageDescription" time="0.000" classname="expleo.challengingDom.header.ChallengingDomHeaderTest">
    <skipped/>
  </testcase> <!-- verify_pageDescription -->
  <system-out/>
</testsuite> <!-- expleo.challengingDom.header.ChallengingDomHeaderTest -->
