<?xml version="1.0" encoding="UTF-8"?>
<!-- Generated by org.testng.reporters.JUnitReportReporter -->
<testsuite skipped="4" hostname="DESKTOP-JPBOFE2" name="expleo.challengingDom.Tests.ChallengingDomTests" tests="4" failures="0" timestamp="2021-08-04T00:39:29 BST" time="0.000" errors="0">
  <testcase name="test_table_headers" time="0.000" classname="expleo.challengingDom.Tests.ChallengingDomTests">
    <skipped/>
  </testcase> <!-- test_table_headers -->
  <system-out/>
  <testcase name="test_table_size_should_be_10" time="0.000" classname="expleo.challengingDom.Tests.ChallengingDomTests">
    <skipped/>
  </testcase> <!-- test_table_size_should_be_10 -->
  <system-out/>
  <testcase name="test_edit_presents_at_all_table_rows" time="0.000" classname="expleo.challengingDom.Tests.ChallengingDomTests">
    <skipped/>
  </testcase> <!-- test_edit_presents_at_all_table_rows -->
  <system-out/>
  <testcase name="test_delete_presents_at_all_table_rows" time="0.000" classname="expleo.challengingDom.Tests.ChallengingDomTests">
    <skipped/>
  </testcase> <!-- test_delete_presents_at_all_table_rows -->
  <system-out/>
</testsuite> <!-- expleo.challengingDom.Tests.ChallengingDomTests -->
