<?xml version="1.0" encoding="UTF-8"?>
<!-- Generated by org.testng.reporters.JUnitReportReporter -->
<testsuite skipped="2" hostname="DESKTOP-JPBOFE2" name="expleo.challengingDom.footer.ChallengingDomFooterTest" tests="2" failures="0" timestamp="2021-08-04T00:39:29 BST" time="0.000" errors="0">
  <testcase name="test_footer_text" time="0.000" classname="expleo.challengingDom.footer.ChallengingDomFooterTest">
    <skipped/>
  </testcase> <!-- test_footer_text -->
  <system-out/>
  <testcase name="test_footer_link" time="0.000" classname="expleo.challengingDom.footer.ChallengingDomFooterTest">
    <skipped/>
  </testcase> <!-- test_footer_link -->
  <system-out/>
</testsuite> <!-- expleo.challengingDom.footer.ChallengingDomFooterTest -->
